 
****************************************
Report : area
Design : mycpu_top
Version: R-2020.09-SP4
Date   : Mon Jul  3 22:40:29 2023
****************************************

Library(s) Used:

    typical (File: /home/autumn/Desktop/fin/libs/typical.db)

Number of ports:                          868
Number of nets:                         53044
Number of cells:                        52148
Number of combinational cells:          37158
Number of sequential cells:             14984
Number of macros/black boxes:               0
Number of buf/inv:                       4382
Number of references:                     137

Combinational area:             690005.136968
Buf/Inv area:                    36959.630993
Noncombinational area:          816614.578754
Macro/Black Box area:                0.000000
Net Interconnect area:      undefined  (No wire load specified)

Total cell area:               1506619.715722
Total area:                 undefined

Hierarchical area distribution
------------------------------

                                  Global cell area               Local cell area
                                  ---------------------  -------------------------------- 
Hierarchical cell                 Absolute      Percent  Combi-       Noncombi-    Black-
                                  Total         Total    national     national     boxes   Design
--------------------------------  ------------  -------  -----------  -----------  ------  ---------
mycpu_top                         1506619.7157    100.0   96109.6765   53322.1929  0.0000  mycpu_top
data_ram                           773547.6758     51.3  337543.1168  436004.5591  0.0000  data_sram
id_stage/u_regfile                 201037.6393     13.3   95444.3964  105593.2429  0.0000  regfile
inst_ram                           382602.5312     25.4  160907.9473  221694.5839  0.0000  inst_sram
--------------------------------  ------------  -------  -----------  -----------  ------  ---------
Total                                                    690005.1370  816614.5788  0.0000

1
